# JRE version: OpenJDK Runtime Environment (8.0_152-b02) (build 1.8.0_152-release-1024-b02)
# Java VM: OpenJDK 64-Bit Server VM (25.152-b02 mixed mode windows-amd64 compressed oops)
Heap:
 PSYoungGen      total 34816K, used 20281K [0x00000000e0000000, 0x00000000e3280000, 0x0000000100000000)
  eden space 27136K, 58% used [0x00000000e0000000,0x00000000e0f6a618,0x00000000e1a80000)
  from space 7680K, 58% used [0x00000000e1a80000,0x00000000e1ee3f10,0x00000000e2200000)
  to   space 7168K, 0% used [0x00000000e2b80000,0x00000000e2b80000,0x00000000e3280000)
 ParOldGen       total 40960K, used 13220K [0x00000000a0000000, 0x00000000a2800000, 0x00000000e0000000)
  object space 40960K, 32% used [0x00000000a0000000,0x00000000a0ce93e8,0x00000000a2800000)
 Metaspace       used 26842K, capacity 27280K, committed 27520K, reserved 1073152K
  class space    used 3713K, capacity 3861K, committed 3968K, reserved 1048576K
GC Heap History (10 events):
Event: 22.130 GC heap before
{Heap before GC invocations=6 (full 0):
 PSYoungGen      total 35328K, used 35312K [0x00000000e0000000, 0x00000000e2500000, 0x0000000100000000)
  eden space 32768K, 100% used [0x00000000e0000000,0x00000000e2000000,0x00000000e2000000)
  from space 2560K, 99% used [0x00000000e2000000,0x00000000e227c030,0x00000000e2280000)
  to   space 2560K, 0% used [0x00000000e2280000,0x00000000e2280000,0x00000000e2500000)
 ParOldGen       total 44032K, used 6663K [0x00000000a0000000, 0x00000000a2b00000, 0x00000000e0000000)
  object space 44032K, 15% used [0x00000000a0000000,0x00000000a0681f50,0x00000000a2b00000)
 Metaspace       used 17694K, capacity 18096K, committed 18304K, reserved 1064960K
  class space    used 2543K, capacity 2686K, committed 2688K, reserved 1048576K
Event: 22.140 GC heap after
Heap after GC invocations=6 (full 0):
 PSYoungGen      total 30208K, used 2560K [0x00000000e0000000, 0x00000000e2e00000, 0x0000000100000000)
  eden space 27648K, 0% used [0x00000000e0000000,0x00000000e0000000,0x00000000e1b00000)
  from space 2560K, 100% used [0x00000000e2280000,0x00000000e2500000,0x00000000e2500000)
  to   space 7680K, 0% used [0x00000000e1b00000,0x00000000e1b00000,0x00000000e2280000)
 ParOldGen       total 44032K, used 10841K [0x00000000a0000000, 0x00000000a2b00000, 0x00000000e0000000)
  object space 44032K, 24% used [0x00000000a0000000,0x00000000a0a966e8,0x00000000a2b00000)
 Metaspace       used 17694K, capacity 18096K, committed 18304K, reserved 1064960K
  class space    used 2543K, capacity 2686K, committed 2688K, reserved 1048576K
}
Event: 22.982 GC heap before
{Heap before GC invocations=7 (full 0):
 PSYoungGen      total 30208K, used 15907K [0x00000000e0000000, 0x00000000e2e00000, 0x0000000100000000)
  eden space 27648K, 48% used [0x00000000e0000000,0x00000000e0d08c18,0x00000000e1b00000)
  from space 2560K, 100% used [0x00000000e2280000,0x00000000e2500000,0x00000000e2500000)
  to   space 7680K, 0% used [0x00000000e1b00000,0x00000000e1b00000,0x00000000e2280000)
 ParOldGen       total 44032K, used 10841K [0x00000000a0000000, 0x00000000a2b00000, 0x00000000e0000000)
  object space 44032K, 24% used [0x00000000a0000000,0x00000000a0a966e8,0x00000000a2b00000)
 Metaspace       used 20824K, capacity 21232K, committed 21248K, reserved 1067008K
  class space    used 2908K, capacity 3070K, committed 3072K, reserved 1048576K
Event: 22.990 GC heap after
Heap after GC invocations=7 (full 0):
 PSYoungGen      total 32256K, used 4798K [0x00000000e0000000, 0x00000000e2980000, 0x0000000100000000)
  eden space 27136K, 0% used [0x00000000e0000000,0x00000000e0000000,0x00000000e1a80000)
  from space 5120K, 93% used [0x00000000e1b00000,0x00000000e1fafba0,0x00000000e2000000)
  to   space 7680K, 0% used [0x00000000e2200000,0x00000000e2200000,0x00000000e2980000)
 ParOldGen       total 44032K, used 11297K [0x00000000a0000000, 0x00000000a2b00000, 0x00000000e0000000)
  object space 44032K, 25% used [0x00000000a0000000,0x00000000a0b08728,0x00000000a2b00000)
 Metaspace       used 20824K, capacity 21232K, committed 21248K, reserved 1067008K
  class space    used 2908K, capacity 3070K, committed 3072K, reserved 1048576K
}
Event: 22.990 GC heap before
{Heap before GC invocations=8 (full 1):
 PSYoungGen      total 32256K, used 4798K [0x00000000e0000000, 0x00000000e2980000, 0x0000000100000000)
  eden space 27136K, 0% used [0x00000000e0000000,0x00000000e0000000,0x00000000e1a80000)
  from space 5120K, 93% used [0x00000000e1b00000,0x00000000e1fafba0,0x00000000e2000000)
  to   space 7680K, 0% used [0x00000000e2200000,0x00000000e2200000,0x00000000e2980000)
 ParOldGen       total 44032K, used 11297K [0x00000000a0000000, 0x00000000a2b00000, 0x00000000e0000000)
  object space 44032K, 25% used [0x00000000a0000000,0x00000000a0b08728,0x00000000a2b00000)
 Metaspace       used 20824K, capacity 21232K, committed 21248K, reserved 1067008K
  class space    used 2908K, capacity 3070K, committed 3072K, reserved 1048576K
Event: 23.110 GC heap after
Heap after GC invocations=8 (full 1):
 PSYoungGen      total 32256K, used 0K [0x00000000e0000000, 0x00000000e2980000, 0x0000000100000000)
  eden space 27136K, 0% used [0x00000000e0000000,0x00000000e0000000,0x00000000e1a80000)
  from space 5120K, 0% used [0x00000000e1b00000,0x00000000e1b00000,0x00000000e2000000)
  to   space 7680K, 0% used [0x00000000e2200000,0x00000000e2200000,0x00000000e2980000)
 ParOldGen       total 40960K, used 13204K [0x00000000a0000000, 0x00000000a2800000, 0x00000000e0000000)
  object space 40960K, 32% used [0x00000000a0000000,0x00000000a0ce53e8,0x00000000a2800000)
 Metaspace       used 20824K, capacity 21232K, committed 21248K, reserved 1067008K
  class space    used 2908K, capacity 3070K, committed 3072K, reserved 1048576K
}
Event: 24.885 GC heap before
{Heap before GC invocations=9 (full 1):
 PSYoungGen      total 32256K, used 27136K [0x00000000e0000000, 0x00000000e2980000, 0x0000000100000000)
  eden space 27136K, 100% used [0x00000000e0000000,0x00000000e1a80000,0x00000000e1a80000)
  from space 5120K, 0% used [0x00000000e1b00000,0x00000000e1b00000,0x00000000e2000000)
  to   space 7680K, 0% used [0x00000000e2200000,0x00000000e2200000,0x00000000e2980000)
 ParOldGen       total 40960K, used 13204K [0x00000000a0000000, 0x00000000a2800000, 0x00000000e0000000)
  object space 40960K, 32% used [0x00000000a0000000,0x00000000a0ce53e8,0x00000000a2800000)
 Metaspace       used 23565K, capacity 24000K, committed 24192K, reserved 1071104K
  class space    used 3215K, capacity 3367K, committed 3456K, reserved 1048576K
Event: 24.890 GC heap after
Heap after GC invocations=9 (full 1):
 PSYoungGen      total 34816K, used 3321K [0x00000000e0000000, 0x00000000e3980000, 0x0000000100000000)
  eden space 27136K, 0% used [0x00000000e0000000,0x00000000e0000000,0x00000000e1a80000)
  from space 7680K, 43% used [0x00000000e2200000,0x00000000e253e760,0x00000000e2980000)
  to   space 7680K, 0% used [0x00000000e1a80000,0x00000000e1a80000,0x00000000e2200000)
 ParOldGen       total 40960K, used 13212K [0x00000000a0000000, 0x00000000a2800000, 0x00000000e0000000)
  object space 40960K, 32% used [0x00000000a0000000,0x00000000a0ce73e8,0x00000000a2800000)
 Metaspace       used 23565K, capacity 24000K, committed 24192K, reserved 1071104K
  class space    used 3215K, capacity 3367K, committed 3456K, reserved 1048576K
}
Event: 26.356 GC heap before
{Heap before GC invocations=10 (full 1):
 PSYoungGen      total 34816K, used 30457K [0x00000000e0000000, 0x00000000e3980000, 0x0000000100000000)
  eden space 27136K, 100% used [0x00000000e0000000,0x00000000e1a80000,0x00000000e1a80000)
  from space 7680K, 43% used [0x00000000e2200000,0x00000000e253e760,0x00000000e2980000)
  to   space 7680K, 0% used [0x00000000e1a80000,0x00000000e1a80000,0x00000000e2200000)
 ParOldGen       total 40960K, used 13212K [0x00000000a0000000, 0x00000000a2800000, 0x00000000e0000000)
  object space 40960K, 32% used [0x00000000a0000000,0x00000000a0ce73e8,0x00000000a2800000)
 Metaspace       used 26138K, capacity 26634K, committed 26880K, reserved 1073152K
  class space    used 3572K, capacity 3731K, committed 3840K, reserved 1048576K
Event: 26.371 GC heap after
Heap after GC invocations=10 (full 1):
 PSYoungGen      total 34816K, used 4495K [0x00000000e0000000, 0x00000000e3280000, 0x0000000100000000)
  eden space 27136K, 0% used [0x00000000e0000000,0x00000000e0000000,0x00000000e1a80000)
  from space 7680K, 58% used [0x00000000e1a80000,0x00000000e1ee3f10,0x00000000e2200000)
  to   space 7168K, 0% used [0x00000000e2b80000,0x00000000e2b80000,0x00000000e3280000)
 ParOldGen       total 40960K, used 13220K [0x00000000a0000000, 0x00000000a2800000, 0x00000000e0000000)
  object space 40960K, 32% used [0x00000000a0000000,0x00000000a0ce93e8,0x00000000a2800000)
 Metaspace       used 26138K, capacity 26634K, committed 26880K, reserved 1073152K
  class space    used 3572K, capacity 3731K, committed 3840K, reserved 1048576K
}

