# JRE version: OpenJDK Runtime Environment (8.0_152-b02) (build 1.8.0_152-release-1024-b02)
# Java VM: OpenJDK 64-Bit Server VM (25.152-b02 mixed mode windows-amd64 compressed oops)
Heap:
 PSYoungGen      total 187392K, used 77224K [0x00000000e0000000, 0x00000000ee080000, 0x0000000100000000)
  eden space 154112K, 34% used [0x00000000e0000000,0x00000000e348b618,0x00000000e9680000)
  from space 33280K, 70% used [0x00000000eaa80000,0x00000000ec15ea58,0x00000000ecb00000)
  to   space 22016K, 0% used [0x00000000ecb00000,0x00000000ecb00000,0x00000000ee080000)
 ParOldGen       total 105984K, used 63866K [0x00000000a0000000, 0x00000000a6780000, 0x00000000e0000000)
  object space 105984K, 60% used [0x00000000a0000000,0x00000000a3e5ea60,0x00000000a6780000)
 Metaspace       used 92094K, capacity 96834K, committed 97152K, reserved 1134592K
  class space    used 11711K, capacity 12819K, committed 12928K, reserved 1048576K
GC Heap History (10 events):
Event: 6124.282 GC heap before
{Heap before GC invocations=20 (full 3):
 PSYoungGen      total 189952K, used 189920K [0x00000000e0000000, 0x00000000f0180000, 0x0000000100000000)
  eden space 172032K, 100% used [0x00000000e0000000,0x00000000ea800000,0x00000000ea800000)
  from space 17920K, 99% used [0x00000000ef000000,0x00000000f0178198,0x00000000f0180000)
  to   space 32256K, 0% used [0x00000000ec280000,0x00000000ec280000,0x00000000ee200000)
 ParOldGen       total 105984K, used 44429K [0x00000000a0000000, 0x00000000a6780000, 0x00000000e0000000)
  object space 105984K, 41% used [0x00000000a0000000,0x00000000a2b636d8,0x00000000a6780000)
 Metaspace       used 76955K, capacity 80766K, committed 81024K, reserved 1120256K
  class space    used 9912K, capacity 10815K, committed 10880K, reserved 1048576K
Event: 6124.323 GC heap after
Heap after GC invocations=20 (full 3):
 PSYoungGen      total 184832K, used 18645K [0x00000000e0000000, 0x00000000ef080000, 0x0000000100000000)
  eden space 165888K, 0% used [0x00000000e0000000,0x00000000e0000000,0x00000000ea200000)
  from space 18944K, 98% used [0x00000000ec280000,0x00000000ed4b5670,0x00000000ed500000)
  to   space 28160K, 0% used [0x00000000ed500000,0x00000000ed500000,0x00000000ef080000)
 ParOldGen       total 105984K, used 44437K [0x00000000a0000000, 0x00000000a6780000, 0x00000000e0000000)
  object space 105984K, 41% used [0x00000000a0000000,0x00000000a2b656d8,0x00000000a6780000)
 Metaspace       used 76955K, capacity 80766K, committed 81024K, reserved 1120256K
  class space    used 9912K, capacity 10815K, committed 10880K, reserved 1048576K
}
Event: 6147.352 GC heap before
{Heap before GC invocations=21 (full 3):
 PSYoungGen      total 184832K, used 184533K [0x00000000e0000000, 0x00000000ef080000, 0x0000000100000000)
  eden space 165888K, 99% used [0x00000000e0000000,0x00000000ea1ffe80,0x00000000ea200000)
  from space 18944K, 98% used [0x00000000ec280000,0x00000000ed4b5670,0x00000000ed500000)
  to   space 28160K, 0% used [0x00000000ed500000,0x00000000ed500000,0x00000000ef080000)
 ParOldGen       total 105984K, used 44437K [0x00000000a0000000, 0x00000000a6780000, 0x00000000e0000000)
  object space 105984K, 41% used [0x00000000a0000000,0x00000000a2b656d8,0x00000000a6780000)
 Metaspace       used 82314K, capacity 86046K, committed 86272K, reserved 1124352K
  class space    used 10513K, capacity 11423K, committed 11520K, reserved 1048576K
Event: 6147.401 GC heap after
Heap after GC invocations=21 (full 3):
 PSYoungGen      total 182784K, used 22956K [0x00000000e0000000, 0x00000000eeb80000, 0x0000000100000000)
  eden space 159744K, 0% used [0x00000000e0000000,0x00000000e0000000,0x00000000e9c00000)
  from space 23040K, 99% used [0x00000000ed500000,0x00000000eeb6b290,0x00000000eeb80000)
  to   space 33280K, 0% used [0x00000000eaa80000,0x00000000eaa80000,0x00000000ecb00000)
 ParOldGen       total 105984K, used 44445K [0x00000000a0000000, 0x00000000a6780000, 0x00000000e0000000)
  object space 105984K, 41% used [0x00000000a0000000,0x00000000a2b676d8,0x00000000a6780000)
 Metaspace       used 82314K, capacity 86046K, committed 86272K, reserved 1124352K
  class space    used 10513K, capacity 11423K, committed 11520K, reserved 1048576K
}
Event: 6154.374 GC heap before
{Heap before GC invocations=22 (full 3):
 PSYoungGen      total 182784K, used 182700K [0x00000000e0000000, 0x00000000eeb80000, 0x0000000100000000)
  eden space 159744K, 100% used [0x00000000e0000000,0x00000000e9c00000,0x00000000e9c00000)
  from space 23040K, 99% used [0x00000000ed500000,0x00000000eeb6b290,0x00000000eeb80000)
  to   space 33280K, 0% used [0x00000000eaa80000,0x00000000eaa80000,0x00000000ecb00000)
 ParOldGen       total 105984K, used 44445K [0x00000000a0000000, 0x00000000a6780000, 0x00000000e0000000)
  object space 105984K, 41% used [0x00000000a0000000,0x00000000a2b676d8,0x00000000a6780000)
 Metaspace       used 83837K, capacity 87752K, committed 88064K, reserved 1126400K
  class space    used 10704K, capacity 11680K, committed 11776K, reserved 1048576K
Event: 6154.428 GC heap after
Heap after GC invocations=22 (full 3):
 PSYoungGen      total 187392K, used 33272K [0x00000000e0000000, 0x00000000ee080000, 0x0000000100000000)
  eden space 154112K, 0% used [0x00000000e0000000,0x00000000e0000000,0x00000000e9680000)
  from space 33280K, 99% used [0x00000000eaa80000,0x00000000ecafe128,0x00000000ecb00000)
  to   space 22016K, 0% used [0x00000000ecb00000,0x00000000ecb00000,0x00000000ee080000)
 ParOldGen       total 105984K, used 44453K [0x00000000a0000000, 0x00000000a6780000, 0x00000000e0000000)
  object space 105984K, 41% used [0x00000000a0000000,0x00000000a2b696d8,0x00000000a6780000)
 Metaspace       used 83837K, capacity 87752K, committed 88064K, reserved 1126400K
  class space    used 10704K, capacity 11680K, committed 11776K, reserved 1048576K
}
Event: 6158.258 GC heap before
{Heap before GC invocations=23 (full 3):
 PSYoungGen      total 187392K, used 187384K [0x00000000e0000000, 0x00000000ee080000, 0x0000000100000000)
  eden space 154112K, 100% used [0x00000000e0000000,0x00000000e9680000,0x00000000e9680000)
  from space 33280K, 99% used [0x00000000eaa80000,0x00000000ecafe128,0x00000000ecb00000)
  to   space 22016K, 0% used [0x00000000ecb00000,0x00000000ecb00000,0x00000000ee080000)
 ParOldGen       total 105984K, used 44453K [0x00000000a0000000, 0x00000000a6780000, 0x00000000e0000000)
  object space 105984K, 41% used [0x00000000a0000000,0x00000000a2b696d8,0x00000000a6780000)
 Metaspace       used 90977K, capacity 95400K, committed 95616K, reserved 1132544K
  class space    used 11589K, capacity 12642K, committed 12672K, reserved 1048576K
Event: 6158.378 GC heap after
Heap after GC invocations=23 (full 3):
 PSYoungGen      total 176128K, used 21989K [0x00000000e0000000, 0x00000000ee080000, 0x0000000100000000)
  eden space 154112K, 0% used [0x00000000e0000000,0x00000000e0000000,0x00000000e9680000)
  from space 22016K, 99% used [0x00000000ecb00000,0x00000000ee0797c8,0x00000000ee080000)
  to   space 33280K, 0% used [0x00000000eaa80000,0x00000000eaa80000,0x00000000ecb00000)
 ParOldGen       total 105984K, used 61970K [0x00000000a0000000, 0x00000000a6780000, 0x00000000e0000000)
  object space 105984K, 58% used [0x00000000a0000000,0x00000000a3c849f0,0x00000000a6780000)
 Metaspace       used 90977K, capacity 95400K, committed 95616K, reserved 1132544K
  class space    used 11589K, capacity 12642K, committed 12672K, reserved 1048576K
}
Event: 6160.691 GC heap before
{Heap before GC invocations=24 (full 3):
 PSYoungGen      total 176128K, used 176101K [0x00000000e0000000, 0x00000000ee080000, 0x0000000100000000)
  eden space 154112K, 100% used [0x00000000e0000000,0x00000000e9680000,0x00000000e9680000)
  from space 22016K, 99% used [0x00000000ecb00000,0x00000000ee0797c8,0x00000000ee080000)
  to   space 33280K, 0% used [0x00000000eaa80000,0x00000000eaa80000,0x00000000ecb00000)
 ParOldGen       total 105984K, used 61970K [0x00000000a0000000, 0x00000000a6780000, 0x00000000e0000000)
  object space 105984K, 58% used [0x00000000a0000000,0x00000000a3c849f0,0x00000000a6780000)
 Metaspace       used 92077K, capacity 96830K, committed 97152K, reserved 1134592K
  class space    used 11711K, capacity 12819K, committed 12928K, reserved 1048576K
Event: 6160.747 GC heap after
Heap after GC invocations=24 (full 3):
 PSYoungGen      total 187392K, used 23418K [0x00000000e0000000, 0x00000000ee080000, 0x0000000100000000)
  eden space 154112K, 0% used [0x00000000e0000000,0x00000000e0000000,0x00000000e9680000)
  from space 33280K, 70% used [0x00000000eaa80000,0x00000000ec15ea58,0x00000000ecb00000)
  to   space 22016K, 0% used [0x00000000ecb00000,0x00000000ecb00000,0x00000000ee080000)
 ParOldGen       total 105984K, used 63866K [0x00000000a0000000, 0x00000000a6780000, 0x00000000e0000000)
  object space 105984K, 60% used [0x00000000a0000000,0x00000000a3e5ea60,0x00000000a6780000)
 Metaspace       used 92077K, capacity 96830K, committed 97152K, reserved 1134592K
  class space    used 11711K, capacity 12819K, committed 12928K, reserved 1048576K
}

