# JRE version: OpenJDK Runtime Environment (8.0_152-b02) (build 1.8.0_152-release-1024-b02)
# Java VM: OpenJDK 64-Bit Server VM (25.152-b02 mixed mode windows-amd64 compressed oops)
Heap:
 PSYoungGen      total 226816K, used 161324K [0x00000000e0000000, 0x00000000f1b80000, 0x0000000100000000)
  eden space 186368K, 82% used [0x00000000e0000000,0x00000000e95e7e60,0x00000000eb600000)
  from space 40448K, 19% used [0x00000000eb600000,0x00000000ebda3240,0x00000000edd80000)
  to   space 38912K, 0% used [0x00000000ef580000,0x00000000ef580000,0x00000000f1b80000)
 ParOldGen       total 174080K, used 81750K [0x00000000a0000000, 0x00000000aaa00000, 0x00000000e0000000)
  object space 174080K, 46% used [0x00000000a0000000,0x00000000a4fd5b20,0x00000000aaa00000)
 Metaspace       used 80071K, capacity 84120K, committed 84440K, reserved 1122304K
  class space    used 10158K, capacity 10901K, committed 11008K, reserved 1048576K
GC Heap History (10 events):
Event: 1947.379 GC heap before
{Heap before GC invocations=49 (full 4):
 PSYoungGen      total 183296K, used 161117K [0x00000000e0000000, 0x00000000edb00000, 0x0000000100000000)
  eden space 147456K, 99% used [0x00000000e0000000,0x00000000e8fe8690,0x00000000e9000000)
  from space 35840K, 38% used [0x00000000eb800000,0x00000000ec56f160,0x00000000edb00000)
  to   space 38400K, 0% used [0x00000000e9000000,0x00000000e9000000,0x00000000eb580000)
 ParOldGen       total 174080K, used 80469K [0x00000000a0000000, 0x00000000aaa00000, 0x00000000e0000000)
  object space 174080K, 46% used [0x00000000a0000000,0x00000000a4e954d0,0x00000000aaa00000)
 Metaspace       used 78894K, capacity 82238K, committed 82776K, reserved 1122304K
  class space    used 10037K, capacity 10662K, committed 10880K, reserved 1048576K
Event: 1947.441 GC heap after
Heap after GC invocations=49 (full 4):
 PSYoungGen      total 185856K, used 9736K [0x00000000e0000000, 0x00000000ee680000, 0x0000000100000000)
  eden space 147456K, 0% used [0x00000000e0000000,0x00000000e0000000,0x00000000e9000000)
  from space 38400K, 25% used [0x00000000e9000000,0x00000000e99820b8,0x00000000eb580000)
  to   space 36864K, 0% used [0x00000000ec280000,0x00000000ec280000,0x00000000ee680000)
 ParOldGen       total 174080K, used 80541K [0x00000000a0000000, 0x00000000aaa00000, 0x00000000e0000000)
  object space 174080K, 46% used [0x00000000a0000000,0x00000000a4ea74f0,0x00000000aaa00000)
 Metaspace       used 78894K, capacity 82238K, committed 82776K, reserved 1122304K
  class space    used 10037K, capacity 10662K, committed 10880K, reserved 1048576K
}
Event: 1947.485 GC heap before
{Heap before GC invocations=50 (full 4):
 PSYoungGen      total 185856K, used 156723K [0x00000000e0000000, 0x00000000ee680000, 0x0000000100000000)
  eden space 147456K, 99% used [0x00000000e0000000,0x00000000e8f8aec8,0x00000000e9000000)
  from space 38400K, 25% used [0x00000000e9000000,0x00000000e99820b8,0x00000000eb580000)
  to   space 36864K, 0% used [0x00000000ec280000,0x00000000ec280000,0x00000000ee680000)
 ParOldGen       total 174080K, used 80541K [0x00000000a0000000, 0x00000000aaa00000, 0x00000000e0000000)
  object space 174080K, 46% used [0x00000000a0000000,0x00000000a4ea74f0,0x00000000aaa00000)
 Metaspace       used 78906K, capacity 82238K, committed 82776K, reserved 1122304K
  class space    used 10037K, capacity 10662K, committed 10880K, reserved 1048576K
Event: 1947.498 GC heap after
Heap after GC invocations=50 (full 4):
 PSYoungGen      total 200704K, used 8498K [0x00000000e0000000, 0x00000000eef80000, 0x0000000100000000)
  eden space 163840K, 0% used [0x00000000e0000000,0x00000000e0000000,0x00000000ea000000)
  from space 36864K, 23% used [0x00000000ec280000,0x00000000ecaccac8,0x00000000ee680000)
  to   space 35328K, 0% used [0x00000000ea000000,0x00000000ea000000,0x00000000ec280000)
 ParOldGen       total 174080K, used 80541K [0x00000000a0000000, 0x00000000aaa00000, 0x00000000e0000000)
  object space 174080K, 46% used [0x00000000a0000000,0x00000000a4ea74f0,0x00000000aaa00000)
 Metaspace       used 78906K, capacity 82238K, committed 82776K, reserved 1122304K
  class space    used 10037K, capacity 10662K, committed 10880K, reserved 1048576K
}
Event: 3689.599 GC heap before
{Heap before GC invocations=51 (full 4):
 PSYoungGen      total 200704K, used 172338K [0x00000000e0000000, 0x00000000eef80000, 0x0000000100000000)
  eden space 163840K, 100% used [0x00000000e0000000,0x00000000ea000000,0x00000000ea000000)
  from space 36864K, 23% used [0x00000000ec280000,0x00000000ecaccac8,0x00000000ee680000)
  to   space 35328K, 0% used [0x00000000ea000000,0x00000000ea000000,0x00000000ec280000)
 ParOldGen       total 174080K, used 80541K [0x00000000a0000000, 0x00000000aaa00000, 0x00000000e0000000)
  object space 174080K, 46% used [0x00000000a0000000,0x00000000a4ea74f0,0x00000000aaa00000)
 Metaspace       used 78979K, capacity 82322K, committed 82776K, reserved 1122304K
  class space    used 10038K, capacity 10662K, committed 10880K, reserved 1048576K
Event: 3689.808 GC heap after
Heap after GC invocations=51 (full 4):
 PSYoungGen      total 199168K, used 4640K [0x00000000e0000000, 0x00000000eff80000, 0x0000000100000000)
  eden space 163840K, 0% used [0x00000000e0000000,0x00000000e0000000,0x00000000ea000000)
  from space 35328K, 13% used [0x00000000ea000000,0x00000000ea488040,0x00000000ec280000)
  to   space 34816K, 0% used [0x00000000edd80000,0x00000000edd80000,0x00000000eff80000)
 ParOldGen       total 174080K, used 81370K [0x00000000a0000000, 0x00000000aaa00000, 0x00000000e0000000)
  object space 174080K, 46% used [0x00000000a0000000,0x00000000a4f76b00,0x00000000aaa00000)
 Metaspace       used 78979K, capacity 82322K, committed 82776K, reserved 1122304K
  class space    used 10038K, capacity 10662K, committed 10880K, reserved 1048576K
}
Event: 3724.050 GC heap before
{Heap before GC invocations=52 (full 4):
 PSYoungGen      total 199168K, used 168480K [0x00000000e0000000, 0x00000000eff80000, 0x0000000100000000)
  eden space 163840K, 100% used [0x00000000e0000000,0x00000000ea000000,0x00000000ea000000)
  from space 35328K, 13% used [0x00000000ea000000,0x00000000ea488040,0x00000000ec280000)
  to   space 34816K, 0% used [0x00000000edd80000,0x00000000edd80000,0x00000000eff80000)
 ParOldGen       total 174080K, used 81370K [0x00000000a0000000, 0x00000000aaa00000, 0x00000000e0000000)
  object space 174080K, 46% used [0x00000000a0000000,0x00000000a4f76b00,0x00000000aaa00000)
 Metaspace       used 79265K, capacity 82694K, committed 83032K, reserved 1122304K
  class space    used 10046K, capacity 10696K, committed 10880K, reserved 1048576K
Event: 3724.215 GC heap after
Heap after GC invocations=52 (full 4):
 PSYoungGen      total 221184K, used 33270K [0x00000000e0000000, 0x00000000f0900000, 0x0000000100000000)
  eden space 186368K, 0% used [0x00000000e0000000,0x00000000e0000000,0x00000000eb600000)
  from space 34816K, 95% used [0x00000000edd80000,0x00000000efdfdb80,0x00000000eff80000)
  to   space 40448K, 0% used [0x00000000eb600000,0x00000000eb600000,0x00000000edd80000)
 ParOldGen       total 174080K, used 81522K [0x00000000a0000000, 0x00000000aaa00000, 0x00000000e0000000)
  object space 174080K, 46% used [0x00000000a0000000,0x00000000a4f9cb00,0x00000000aaa00000)
 Metaspace       used 79265K, capacity 82694K, committed 83032K, reserved 1122304K
  class space    used 10046K, capacity 10696K, committed 10880K, reserved 1048576K
}
Event: 4377.317 GC heap before
{Heap before GC invocations=53 (full 4):
 PSYoungGen      total 221184K, used 219638K [0x00000000e0000000, 0x00000000f0900000, 0x0000000100000000)
  eden space 186368K, 100% used [0x00000000e0000000,0x00000000eb600000,0x00000000eb600000)
  from space 34816K, 95% used [0x00000000edd80000,0x00000000efdfdb80,0x00000000eff80000)
  to   space 40448K, 0% used [0x00000000eb600000,0x00000000eb600000,0x00000000edd80000)
 ParOldGen       total 174080K, used 81522K [0x00000000a0000000, 0x00000000aaa00000, 0x00000000e0000000)
  object space 174080K, 46% used [0x00000000a0000000,0x00000000a4f9cb00,0x00000000aaa00000)
 Metaspace       used 79670K, capacity 83356K, committed 83544K, reserved 1122304K
  class space    used 10100K, capacity 10795K, committed 10880K, reserved 1048576K
Event: 4378.590 GC heap after
Heap after GC invocations=53 (full 4):
 PSYoungGen      total 226816K, used 7820K [0x00000000e0000000, 0x00000000f1b80000, 0x0000000100000000)
  eden space 186368K, 0% used [0x00000000e0000000,0x00000000e0000000,0x00000000eb600000)
  from space 40448K, 19% used [0x00000000eb600000,0x00000000ebda3240,0x00000000edd80000)
  to   space 38912K, 0% used [0x00000000ef580000,0x00000000ef580000,0x00000000f1b80000)
 ParOldGen       total 174080K, used 81750K [0x00000000a0000000, 0x00000000aaa00000, 0x00000000e0000000)
  object space 174080K, 46% used [0x00000000a0000000,0x00000000a4fd5b20,0x00000000aaa00000)
 Metaspace       used 79670K, capacity 83356K, committed 83544K, reserved 1122304K
  class space    used 10100K, capacity 10795K, committed 10880K, reserved 1048576K
}

