# JRE version: OpenJDK Runtime Environment (8.0_152-b02) (build 1.8.0_152-release-1024-b02)
# Java VM: OpenJDK 64-Bit Server VM (25.152-b02 mixed mode windows-amd64 compressed oops)
Heap:
 PSYoungGen      total 260608K, used 245455K [0x00000000e0000000, 0x00000000f2400000, 0x0000000100000000)
  eden space 250880K, 93% used [0x00000000e0000000,0x00000000ee63bb50,0x00000000ef500000)
  from space 9728K, 99% used [0x00000000ef500000,0x00000000efe78388,0x00000000efe80000)
  to   space 13312K, 0% used [0x00000000f1700000,0x00000000f1700000,0x00000000f2400000)
 ParOldGen       total 88576K, used 70677K [0x00000000a0000000, 0x00000000a5680000, 0x00000000e0000000)
  object space 88576K, 79% used [0x00000000a0000000,0x00000000a4505448,0x00000000a5680000)
 Metaspace       used 64791K, capacity 67204K, committed 67288K, reserved 1107968K
  class space    used 8618K, capacity 9151K, committed 9216K, reserved 1048576K
GC Heap History (10 events):
Event: 47.233 GC heap before
{Heap before GC invocations=40 (full 3):
 PSYoungGen      total 211456K, used 207351K [0x00000000e0000000, 0x00000000ed800000, 0x0000000100000000)
  eden space 203776K, 100% used [0x00000000e0000000,0x00000000ec700000,0x00000000ec700000)
  from space 7680K, 46% used [0x00000000ed080000,0x00000000ed3fdc38,0x00000000ed800000)
  to   space 8704K, 0% used [0x00000000ec700000,0x00000000ec700000,0x00000000ecf80000)
 ParOldGen       total 88576K, used 63652K [0x00000000a0000000, 0x00000000a5680000, 0x00000000e0000000)
  object space 88576K, 71% used [0x00000000a0000000,0x00000000a3e29080,0x00000000a5680000)
 Metaspace       used 63611K, capacity 65904K, committed 66136K, reserved 1105920K
  class space    used 8506K, capacity 9007K, committed 9088K, reserved 1048576K
Event: 47.246 GC heap after
Heap after GC invocations=40 (full 3):
 PSYoungGen      total 212480K, used 2562K [0x00000000e0000000, 0x00000000ef080000, 0x0000000100000000)
  eden space 203776K, 0% used [0x00000000e0000000,0x00000000e0000000,0x00000000ec700000)
  from space 8704K, 29% used [0x00000000ec700000,0x00000000ec980940,0x00000000ecf80000)
  to   space 8704K, 0% used [0x00000000ee800000,0x00000000ee800000,0x00000000ef080000)
 ParOldGen       total 88576K, used 64651K [0x00000000a0000000, 0x00000000a5680000, 0x00000000e0000000)
  object space 88576K, 72% used [0x00000000a0000000,0x00000000a3f22c70,0x00000000a5680000)
 Metaspace       used 63611K, capacity 65904K, committed 66136K, reserved 1105920K
  class space    used 8506K, capacity 9007K, committed 9088K, reserved 1048576K
}
Event: 48.291 GC heap before
{Heap before GC invocations=41 (full 3):
 PSYoungGen      total 212480K, used 206338K [0x00000000e0000000, 0x00000000ef080000, 0x0000000100000000)
  eden space 203776K, 100% used [0x00000000e0000000,0x00000000ec700000,0x00000000ec700000)
  from space 8704K, 29% used [0x00000000ec700000,0x00000000ec980940,0x00000000ecf80000)
  to   space 8704K, 0% used [0x00000000ee800000,0x00000000ee800000,0x00000000ef080000)
 ParOldGen       total 88576K, used 64651K [0x00000000a0000000, 0x00000000a5680000, 0x00000000e0000000)
  object space 88576K, 72% used [0x00000000a0000000,0x00000000a3f22c70,0x00000000a5680000)
 Metaspace       used 63625K, capacity 65904K, committed 66136K, reserved 1105920K
  class space    used 8506K, capacity 9007K, committed 9088K, reserved 1048576K
Event: 48.299 GC heap after
Heap after GC invocations=41 (full 3):
 PSYoungGen      total 233472K, used 917K [0x00000000e0000000, 0x00000000eee80000, 0x0000000100000000)
  eden space 226816K, 0% used [0x00000000e0000000,0x00000000e0000000,0x00000000edd80000)
  from space 6656K, 13% used [0x00000000ee800000,0x00000000ee8e5600,0x00000000eee80000)
  to   space 8704K, 0% used [0x00000000edd80000,0x00000000edd80000,0x00000000ee600000)
 ParOldGen       total 88576K, used 64978K [0x00000000a0000000, 0x00000000a5680000, 0x00000000e0000000)
  object space 88576K, 73% used [0x00000000a0000000,0x00000000a3f74860,0x00000000a5680000)
 Metaspace       used 63625K, capacity 65904K, committed 66136K, reserved 1105920K
  class space    used 8506K, capacity 9007K, committed 9088K, reserved 1048576K
}
Event: 49.409 GC heap before
{Heap before GC invocations=42 (full 3):
 PSYoungGen      total 233472K, used 227733K [0x00000000e0000000, 0x00000000eee80000, 0x0000000100000000)
  eden space 226816K, 100% used [0x00000000e0000000,0x00000000edd80000,0x00000000edd80000)
  from space 6656K, 13% used [0x00000000ee800000,0x00000000ee8e5600,0x00000000eee80000)
  to   space 8704K, 0% used [0x00000000edd80000,0x00000000edd80000,0x00000000ee600000)
 ParOldGen       total 88576K, used 64978K [0x00000000a0000000, 0x00000000a5680000, 0x00000000e0000000)
  object space 88576K, 73% used [0x00000000a0000000,0x00000000a3f74860,0x00000000a5680000)
 Metaspace       used 63655K, capacity 65968K, committed 66136K, reserved 1105920K
  class space    used 8506K, capacity 9007K, committed 9088K, reserved 1048576K
Event: 49.431 GC heap after
Heap after GC invocations=42 (full 3):
 PSYoungGen      total 235520K, used 8101K [0x00000000e0000000, 0x00000000f0b80000, 0x0000000100000000)
  eden space 226816K, 0% used [0x00000000e0000000,0x00000000e0000000,0x00000000edd80000)
  from space 8704K, 93% used [0x00000000edd80000,0x00000000ee569618,0x00000000ee600000)
  to   space 10240K, 0% used [0x00000000f0180000,0x00000000f0180000,0x00000000f0b80000)
 ParOldGen       total 88576K, used 64986K [0x00000000a0000000, 0x00000000a5680000, 0x00000000e0000000)
  object space 88576K, 73% used [0x00000000a0000000,0x00000000a3f76860,0x00000000a5680000)
 Metaspace       used 63655K, capacity 65968K, committed 66136K, reserved 1105920K
  class space    used 8506K, capacity 9007K, committed 9088K, reserved 1048576K
}
Event: 50.757 GC heap before
{Heap before GC invocations=43 (full 3):
 PSYoungGen      total 235520K, used 234917K [0x00000000e0000000, 0x00000000f0b80000, 0x0000000100000000)
  eden space 226816K, 100% used [0x00000000e0000000,0x00000000edd80000,0x00000000edd80000)
  from space 8704K, 93% used [0x00000000edd80000,0x00000000ee569618,0x00000000ee600000)
  to   space 10240K, 0% used [0x00000000f0180000,0x00000000f0180000,0x00000000f0b80000)
 ParOldGen       total 88576K, used 64986K [0x00000000a0000000, 0x00000000a5680000, 0x00000000e0000000)
  object space 88576K, 73% used [0x00000000a0000000,0x00000000a3f76860,0x00000000a5680000)
 Metaspace       used 63687K, capacity 66046K, committed 66136K, reserved 1105920K
  class space    used 8508K, capacity 9010K, committed 9088K, reserved 1048576K
Event: 50.765 GC heap after
Heap after GC invocations=43 (full 3):
 PSYoungGen      total 257536K, used 2500K [0x00000000e0000000, 0x00000000f0800000, 0x0000000100000000)
  eden space 250880K, 0% used [0x00000000e0000000,0x00000000e0000000,0x00000000ef500000)
  from space 6656K, 37% used [0x00000000f0180000,0x00000000f03f1190,0x00000000f0800000)
  to   space 9728K, 0% used [0x00000000ef500000,0x00000000ef500000,0x00000000efe80000)
 ParOldGen       total 88576K, used 64986K [0x00000000a0000000, 0x00000000a5680000, 0x00000000e0000000)
  object space 88576K, 73% used [0x00000000a0000000,0x00000000a3f76860,0x00000000a5680000)
 Metaspace       used 63687K, capacity 66046K, committed 66136K, reserved 1105920K
  class space    used 8508K, capacity 9010K, committed 9088K, reserved 1048576K
}
Event: 56.548 GC heap before
{Heap before GC invocations=44 (full 3):
 PSYoungGen      total 257536K, used 253380K [0x00000000e0000000, 0x00000000f0800000, 0x0000000100000000)
  eden space 250880K, 100% used [0x00000000e0000000,0x00000000ef500000,0x00000000ef500000)
  from space 6656K, 37% used [0x00000000f0180000,0x00000000f03f1190,0x00000000f0800000)
  to   space 9728K, 0% used [0x00000000ef500000,0x00000000ef500000,0x00000000efe80000)
 ParOldGen       total 88576K, used 64986K [0x00000000a0000000, 0x00000000a5680000, 0x00000000e0000000)
  object space 88576K, 73% used [0x00000000a0000000,0x00000000a3f76860,0x00000000a5680000)
 Metaspace       used 64180K, capacity 66526K, committed 66648K, reserved 1107968K
  class space    used 8553K, capacity 9028K, committed 9088K, reserved 1048576K
Event: 56.577 GC heap after
Heap after GC invocations=44 (full 3):
 PSYoungGen      total 260608K, used 9696K [0x00000000e0000000, 0x00000000f2400000, 0x0000000100000000)
  eden space 250880K, 0% used [0x00000000e0000000,0x00000000e0000000,0x00000000ef500000)
  from space 9728K, 99% used [0x00000000ef500000,0x00000000efe78388,0x00000000efe80000)
  to   space 13312K, 0% used [0x00000000f1700000,0x00000000f1700000,0x00000000f2400000)
 ParOldGen       total 88576K, used 70677K [0x00000000a0000000, 0x00000000a5680000, 0x00000000e0000000)
  object space 88576K, 79% used [0x00000000a0000000,0x00000000a4505448,0x00000000a5680000)
 Metaspace       used 64180K, capacity 66526K, committed 66648K, reserved 1107968K
  class space    used 8553K, capacity 9028K, committed 9088K, reserved 1048576K
}

